<?xml version="1.0" encoding="UTF-8"?>
<!-- Generated by org.testng.reporters.JUnitReportReporter -->
<testsuite hostname="WKWIN5682847" name="tests.TestCases" tests="1" failures="0" timestamp="10 Apr 2020 09:57:43 GMT" time="0.921" errors="0">
  <testcase name="methodChainingNegativeCase" time="0.921" classname="tests.TestCases"/>
</testsuite> <!-- tests.TestCases -->
